2020-06-27 22:01:33.253 INFO [restartedMain]org.springframework.boot.devtools.restart.ChangeableUrls.logTo:225 -The Class-Path manifest attribute in /Users/apple/.m2/repository/com/sun/xml/bind/jaxb-core/2.3.0.1/jaxb-core-2.3.0.1.jar referenced one or more files that do not exist: file:/Users/apple/.m2/repository/com/sun/xml/bind/jaxb-core/2.3.0.1/jaxb-api.jar
2020-06-27 22:01:33.255 INFO [restartedMain]org.springframework.boot.devtools.restart.ChangeableUrls.logTo:225 -The Class-Path manifest attribute in /Users/apple/.m2/repository/com/sun/xml/bind/jaxb-impl/2.3.0.1/jaxb-impl-2.3.0.1.jar referenced one or more files that do not exist: file:/Users/apple/.m2/repository/com/sun/xml/bind/jaxb-impl/2.3.0.1/jaxb-core.jar
2020-06-27 22:01:33.256 INFO [restartedMain]org.springframework.boot.devtools.restart.ChangeableUrls.logTo:225 -The Class-Path manifest attribute in /Users/apple/.m2/repository/org/glassfish/jaxb/jaxb-runtime/2.3.2/jaxb-runtime-2.3.2.jar referenced one or more files that do not exist: file:/Users/apple/.m2/repository/org/glassfish/jaxb/jaxb-runtime/2.3.2/jakarta.xml.bind-api-2.3.2.jar,file:/Users/apple/.m2/repository/org/glassfish/jaxb/jaxb-runtime/2.3.2/txw2-2.3.2.jar,file:/Users/apple/.m2/repository/org/glassfish/jaxb/jaxb-runtime/2.3.2/istack-commons-runtime-3.0.8.jar,file:/Users/apple/.m2/repository/org/glassfish/jaxb/jaxb-runtime/2.3.2/stax-ex-1.8.1.jar,file:/Users/apple/.m2/repository/org/glassfish/jaxb/jaxb-runtime/2.3.2/FastInfoset-1.2.16.jar,file:/Users/apple/.m2/repository/org/glassfish/jaxb/jaxb-runtime/2.3.2/jakarta.activation-api-1.2.1.jar
2020-06-27 22:01:33.256 INFO [restartedMain]o.s.b.devtools.env.DevToolsPropertyDefaultsPostProcessor.logTo:225 -Devtools property defaults active! Set 'spring.devtools.add-properties' to 'false' to disable
2020-06-27 22:01:33.307 WARN [background-preinit]o.s.http.converter.json.Jackson2ObjectMapperBuilder.warn:127 -For Jackson Kotlin classes support please add "com.fasterxml.jackson.module:jackson-module-kotlin" to the classpath
2020-06-27 22:01:33.453 INFO [restartedMain]o.s.c.s.PostProcessorRegistrationDelegate$BeanPostProcessorChecker.postProcessAfterInitialization:330 -Bean 'org.springframework.cloud.autoconfigure.ConfigurationPropertiesRebinderAutoConfiguration' of type [org.springframework.cloud.autoconfigure.ConfigurationPropertiesRebinderAutoConfiguration] is not eligible for getting processed by all BeanPostProcessors (for example: not eligible for auto-proxying)
2020-06-27 22:01:33.641 INFO [restartedMain]com.mycompany.app.Oauth2AuthServer.logStartupProfileInfo:651 -No active profile set, falling back to default profiles: default
2020-06-27 22:01:34.724 INFO [restartedMain]o.s.d.repository.config.RepositoryConfigurationDelegate.registerRepositoriesIn:127 -Bootstrapping Spring Data JPA repositories in DEFAULT mode.
2020-06-27 22:01:34.755 INFO [restartedMain]o.s.d.repository.config.RepositoryConfigurationDelegate.registerRepositoriesIn:187 -Finished Spring Data repository scanning in 16ms. Found 0 JPA repository interfaces.
2020-06-27 22:01:35.045 INFO [restartedMain]org.springframework.cloud.context.scope.GenericScope.setSerializationId:295 -BeanFactory id=06ddfe4a-acb0-3880-8f9f-9aaa4e5c84c0
2020-06-27 22:01:35.268 INFO [restartedMain]o.s.c.s.PostProcessorRegistrationDelegate$BeanPostProcessorChecker.postProcessAfterInitialization:330 -Bean 'org.springframework.transaction.annotation.ProxyTransactionManagementConfiguration' of type [org.springframework.transaction.annotation.ProxyTransactionManagementConfiguration] is not eligible for getting processed by all BeanPostProcessors (for example: not eligible for auto-proxying)
2020-06-27 22:01:35.305 INFO [restartedMain]o.s.c.s.PostProcessorRegistrationDelegate$BeanPostProcessorChecker.postProcessAfterInitialization:330 -Bean 'org.springframework.cloud.autoconfigure.ConfigurationPropertiesRebinderAutoConfiguration' of type [org.springframework.cloud.autoconfigure.ConfigurationPropertiesRebinderAutoConfiguration] is not eligible for getting processed by all BeanPostProcessors (for example: not eligible for auto-proxying)
2020-06-27 22:01:35.666 INFO [restartedMain]o.s.boot.web.embedded.tomcat.TomcatWebServer.initialize:92 -Tomcat initialized with port(s): 9090 (http)
2020-06-27 22:01:35.677 INFO [restartedMain]org.apache.coyote.http11.Http11NioProtocol.log:173 -Initializing ProtocolHandler ["http-nio-9090"]
2020-06-27 22:01:35.677 INFO [restartedMain]org.apache.catalina.core.StandardService.log:173 -Starting service [Tomcat]
2020-06-27 22:01:35.678 INFO [restartedMain]org.apache.catalina.core.StandardEngine.log:173 -Starting Servlet engine: [Apache Tomcat/9.0.29]
2020-06-27 22:01:35.945 INFO [restartedMain]o.a.catalina.core.ContainerBase.[Tomcat].[localhost].[/].log:173 -Initializing Spring embedded WebApplicationContext
2020-06-27 22:01:36.482 INFO [restartedMain]com.zaxxer.hikari.HikariDataSource.getConnection:110 -HikariPool-1 - Starting...
2020-06-27 22:01:36.977 INFO [restartedMain]com.zaxxer.hikari.HikariDataSource.getConnection:123 -HikariPool-1 - Start completed.
2020-06-27 22:01:37.043 INFO [restartedMain]org.hibernate.jpa.internal.util.LogHelper.logPersistenceUnitInformation:31 -HHH000204: Processing PersistenceUnitInfo [name: default]
2020-06-27 22:01:37.213 INFO [restartedMain]org.hibernate.Version.logVersion:46 -HHH000412: Hibernate Core {5.4.9.Final}
2020-06-27 22:01:37.541 INFO [restartedMain]org.hibernate.annotations.common.Version.<clinit>:49 -HCANN000001: Hibernate Commons Annotations {5.1.0.Final}
2020-06-27 22:01:38.141 INFO [restartedMain]org.hibernate.dialect.Dialect.<init>:172 -HHH000400: Using dialect: org.hibernate.dialect.MySQL8Dialect
2020-06-27 22:01:39.466 INFO [restartedMain]o.h.e.t.jta.platform.internal.JtaPlatformInitiator.initiateService:52 -HHH000490: Using JtaPlatform implementation: [org.hibernate.engine.transaction.jta.platform.internal.NoJtaPlatform]
2020-06-27 22:01:39.492 INFO [restartedMain]o.s.orm.jpa.LocalContainerEntityManagerFactoryBean.buildNativeEntityManagerFactory:416 -Initialized JPA EntityManagerFactory for persistence unit 'default'
2020-06-27 22:01:39.668 WARN [restartedMain]o.s.b.a.orm.jpa.JpaBaseConfiguration$JpaWebConfiguration.openEntityManagerInViewInterceptor:220 -spring.jpa.open-in-view is enabled by default. Therefore, database queries may be performed during view rendering. Explicitly configure spring.jpa.open-in-view to disable this warning
2020-06-27 22:01:41.051 INFO [restartedMain]o.s.security.web.DefaultSecurityFilterChain.<init>:43 -Creating filter chain: OrRequestMatcher [requestMatchers=[Ant [pattern='/oauth/token'], Ant [pattern='/oauth/token_key'], Ant [pattern='/oauth/check_token']]], [org.springframework.security.web.context.request.async.WebAsyncManagerIntegrationFilter@316c606, org.springframework.security.web.context.SecurityContextPersistenceFilter@6da4942d, org.springframework.security.web.header.HeaderWriterFilter@4ef9e6f1, org.springframework.security.web.authentication.logout.LogoutFilter@6edabc16, org.springframework.security.web.authentication.www.BasicAuthenticationFilter@3082509b, org.springframework.security.web.savedrequest.RequestCacheAwareFilter@470b8284, org.springframework.security.web.servletapi.SecurityContextHolderAwareRequestFilter@7743141e, org.springframework.security.web.authentication.AnonymousAuthenticationFilter@2ecfdf1d, org.springframework.security.web.session.SessionManagementFilter@66a11ba5, org.springframework.security.web.access.ExceptionTranslationFilter@24996dc7, org.springframework.security.web.access.intercept.FilterSecurityInterceptor@14772b22]
2020-06-27 22:01:41.066 INFO [restartedMain]o.s.security.web.DefaultSecurityFilterChain.<init>:43 -Creating filter chain: any request, [org.springframework.security.web.context.request.async.WebAsyncManagerIntegrationFilter@2a39e518, org.springframework.security.web.context.SecurityContextPersistenceFilter@683ae211, org.springframework.security.web.header.HeaderWriterFilter@15e67745, org.springframework.security.web.csrf.CsrfFilter@606cf144, org.springframework.security.web.authentication.logout.LogoutFilter@148933a4, org.springframework.security.web.authentication.UsernamePasswordAuthenticationFilter@4ba8fc8e, org.springframework.security.web.authentication.ui.DefaultLoginPageGeneratingFilter@403297b9, org.springframework.security.web.authentication.ui.DefaultLogoutPageGeneratingFilter@77a75c22, org.springframework.security.web.authentication.www.BasicAuthenticationFilter@267931d5, org.springframework.security.web.savedrequest.RequestCacheAwareFilter@4e74a622, org.springframework.security.web.servletapi.SecurityContextHolderAwareRequestFilter@680ebcf6, org.springframework.security.web.authentication.AnonymousAuthenticationFilter@16ca203, org.springframework.security.web.session.SessionManagementFilter@1207426c, org.springframework.security.web.access.ExceptionTranslationFilter@6a40995, org.springframework.security.web.access.intercept.FilterSecurityInterceptor@41f72cb9]
2020-06-27 22:01:41.481 INFO [restartedMain]o.s.scheduling.concurrent.ThreadPoolTaskExecutor.initialize:171 -Initializing ExecutorService 'applicationTaskExecutor'
2020-06-27 22:01:41.630 WARN [restartedMain]o.s.b.a.t.ThymeleafAutoConfiguration$DefaultTemplateResolverConfiguration.checkTemplateLocationExists:106 -Cannot find template location: classpath:/templates/ (please add some templates or check your Thymeleaf configuration)
2020-06-27 22:01:41.969 WARN [restartedMain]o.s.boot.devtools.autoconfigure.OptionalLiveReloadServer.startServer:61 -Unable to start LiveReload server
2020-06-27 22:01:42.205 INFO [restartedMain]o.s.boot.actuate.endpoint.web.EndpointLinksResolver.<init>:58 -Exposing 2 endpoint(s) beneath base path '/actuator'
2020-06-27 22:01:42.324 INFO [restartedMain]org.apache.coyote.http11.Http11NioProtocol.log:173 -Starting ProtocolHandler ["http-nio-9090"]
2020-06-27 22:01:42.362 INFO [restartedMain]o.s.boot.web.embedded.tomcat.TomcatWebServer.start:204 -Tomcat started on port(s): 9090 (http) with context path ''
2020-06-27 22:01:42.368 INFO [restartedMain]com.mycompany.app.Oauth2AuthServer.logStarted:61 -Started Oauth2AuthServer in 10.836 seconds (JVM running for 13.787)
2020-06-27 22:01:42.971 INFO [RMI TCP Connection(13)-192.168.31.141]o.a.catalina.core.ContainerBase.[Tomcat].[localhost].[/].log:173 -Initializing Spring DispatcherServlet 'dispatcherServlet'
2020-06-27 22:28:19.834 INFO [http-nio-9090-exec-1]o.s.security.oauth2.provider.token.store.JdbcTokenStore.readAccessToken:168 -Failed to find access token for token aeab9f3d-44e4-472c-9f87-8a01044fdee5
2020-06-27 22:36:30.956 INFO [SpringContextShutdownHook]o.s.scheduling.concurrent.ThreadPoolTaskExecutor.shutdown:208 -Shutting down ExecutorService 'applicationTaskExecutor'
2020-06-27 22:36:30.960 INFO [SpringContextShutdownHook]o.s.orm.jpa.LocalContainerEntityManagerFactoryBean.destroy:598 -Closing JPA EntityManagerFactory for persistence unit 'default'
2020-06-27 22:36:30.977 INFO [SpringContextShutdownHook]com.zaxxer.hikari.HikariDataSource.close:350 -HikariPool-1 - Shutdown initiated...
2020-06-27 22:36:30.998 INFO [SpringContextShutdownHook]com.zaxxer.hikari.HikariDataSource.close:352 -HikariPool-1 - Shutdown completed.
