2020-06-28 15:28:07.454 INFO [restartedMain]org.springframework.boot.devtools.restart.ChangeableUrls.logTo:225 -The Class-Path manifest attribute in /Users/apple/.m2/repository/com/sun/xml/bind/jaxb-core/2.3.0.1/jaxb-core-2.3.0.1.jar referenced one or more files that do not exist: file:/Users/apple/.m2/repository/com/sun/xml/bind/jaxb-core/2.3.0.1/jaxb-api.jar
2020-06-28 15:28:07.457 INFO [restartedMain]org.springframework.boot.devtools.restart.ChangeableUrls.logTo:225 -The Class-Path manifest attribute in /Users/apple/.m2/repository/com/sun/xml/bind/jaxb-impl/2.3.0.1/jaxb-impl-2.3.0.1.jar referenced one or more files that do not exist: file:/Users/apple/.m2/repository/com/sun/xml/bind/jaxb-impl/2.3.0.1/jaxb-core.jar
2020-06-28 15:28:07.458 INFO [restartedMain]org.springframework.boot.devtools.restart.ChangeableUrls.logTo:225 -The Class-Path manifest attribute in /Users/apple/.m2/repository/org/glassfish/jaxb/jaxb-runtime/2.3.2/jaxb-runtime-2.3.2.jar referenced one or more files that do not exist: file:/Users/apple/.m2/repository/org/glassfish/jaxb/jaxb-runtime/2.3.2/jakarta.xml.bind-api-2.3.2.jar,file:/Users/apple/.m2/repository/org/glassfish/jaxb/jaxb-runtime/2.3.2/txw2-2.3.2.jar,file:/Users/apple/.m2/repository/org/glassfish/jaxb/jaxb-runtime/2.3.2/istack-commons-runtime-3.0.8.jar,file:/Users/apple/.m2/repository/org/glassfish/jaxb/jaxb-runtime/2.3.2/stax-ex-1.8.1.jar,file:/Users/apple/.m2/repository/org/glassfish/jaxb/jaxb-runtime/2.3.2/FastInfoset-1.2.16.jar,file:/Users/apple/.m2/repository/org/glassfish/jaxb/jaxb-runtime/2.3.2/jakarta.activation-api-1.2.1.jar
2020-06-28 15:28:07.458 INFO [restartedMain]o.s.b.devtools.env.DevToolsPropertyDefaultsPostProcessor.logTo:225 -Devtools property defaults active! Set 'spring.devtools.add-properties' to 'false' to disable
2020-06-28 15:28:07.685 WARN [background-preinit]o.s.http.converter.json.Jackson2ObjectMapperBuilder.warn:127 -For Jackson Kotlin classes support please add "com.fasterxml.jackson.module:jackson-module-kotlin" to the classpath
2020-06-28 15:28:08.038 INFO [restartedMain]o.s.c.s.PostProcessorRegistrationDelegate$BeanPostProcessorChecker.postProcessAfterInitialization:330 -Bean 'org.springframework.cloud.autoconfigure.ConfigurationPropertiesRebinderAutoConfiguration' of type [org.springframework.cloud.autoconfigure.ConfigurationPropertiesRebinderAutoConfiguration] is not eligible for getting processed by all BeanPostProcessors (for example: not eligible for auto-proxying)
2020-06-28 15:28:08.910 INFO [restartedMain]com.mycompany.app.Oauth2AuthServer.logStartupProfileInfo:651 -No active profile set, falling back to default profiles: default
2020-06-28 15:28:13.188 INFO [restartedMain]o.s.d.repository.config.RepositoryConfigurationDelegate.registerRepositoriesIn:127 -Bootstrapping Spring Data JPA repositories in DEFAULT mode.
2020-06-28 15:28:13.256 INFO [restartedMain]o.s.d.repository.config.RepositoryConfigurationDelegate.registerRepositoriesIn:187 -Finished Spring Data repository scanning in 25ms. Found 0 JPA repository interfaces.
2020-06-28 15:28:14.294 INFO [restartedMain]org.springframework.cloud.context.scope.GenericScope.setSerializationId:295 -BeanFactory id=06ddfe4a-acb0-3880-8f9f-9aaa4e5c84c0
2020-06-28 15:28:14.856 INFO [restartedMain]o.s.c.s.PostProcessorRegistrationDelegate$BeanPostProcessorChecker.postProcessAfterInitialization:330 -Bean 'org.springframework.transaction.annotation.ProxyTransactionManagementConfiguration' of type [org.springframework.transaction.annotation.ProxyTransactionManagementConfiguration] is not eligible for getting processed by all BeanPostProcessors (for example: not eligible for auto-proxying)
2020-06-28 15:28:14.981 INFO [restartedMain]o.s.c.s.PostProcessorRegistrationDelegate$BeanPostProcessorChecker.postProcessAfterInitialization:330 -Bean 'org.springframework.cloud.autoconfigure.ConfigurationPropertiesRebinderAutoConfiguration' of type [org.springframework.cloud.autoconfigure.ConfigurationPropertiesRebinderAutoConfiguration] is not eligible for getting processed by all BeanPostProcessors (for example: not eligible for auto-proxying)
2020-06-28 15:28:16.865 INFO [restartedMain]o.s.boot.web.embedded.tomcat.TomcatWebServer.initialize:92 -Tomcat initialized with port(s): 9090 (http)
2020-06-28 15:28:17.064 INFO [restartedMain]org.apache.coyote.http11.Http11NioProtocol.log:173 -Initializing ProtocolHandler ["http-nio-9090"]
2020-06-28 15:28:17.071 INFO [restartedMain]org.apache.catalina.core.StandardService.log:173 -Starting service [Tomcat]
2020-06-28 15:28:17.072 INFO [restartedMain]org.apache.catalina.core.StandardEngine.log:173 -Starting Servlet engine: [Apache Tomcat/9.0.29]
2020-06-28 15:28:18.026 INFO [restartedMain]o.a.catalina.core.ContainerBase.[Tomcat].[localhost].[/].log:173 -Initializing Spring embedded WebApplicationContext
2020-06-28 15:28:21.211 INFO [restartedMain]com.zaxxer.hikari.HikariDataSource.getConnection:110 -HikariPool-1 - Starting...
2020-06-28 15:28:23.102 INFO [restartedMain]com.zaxxer.hikari.HikariDataSource.getConnection:123 -HikariPool-1 - Start completed.
2020-06-28 15:28:23.317 INFO [restartedMain]org.hibernate.jpa.internal.util.LogHelper.logPersistenceUnitInformation:31 -HHH000204: Processing PersistenceUnitInfo [name: default]
2020-06-28 15:28:23.805 INFO [restartedMain]org.hibernate.Version.logVersion:46 -HHH000412: Hibernate Core {5.4.9.Final}
2020-06-28 15:28:24.366 INFO [restartedMain]org.hibernate.annotations.common.Version.<clinit>:49 -HCANN000001: Hibernate Commons Annotations {5.1.0.Final}
2020-06-28 15:28:25.002 INFO [restartedMain]org.hibernate.dialect.Dialect.<init>:172 -HHH000400: Using dialect: org.hibernate.dialect.MySQL8Dialect
2020-06-28 15:28:26.473 INFO [restartedMain]o.h.e.t.jta.platform.internal.JtaPlatformInitiator.initiateService:52 -HHH000490: Using JtaPlatform implementation: [org.hibernate.engine.transaction.jta.platform.internal.NoJtaPlatform]
2020-06-28 15:28:26.500 INFO [restartedMain]o.s.orm.jpa.LocalContainerEntityManagerFactoryBean.buildNativeEntityManagerFactory:416 -Initialized JPA EntityManagerFactory for persistence unit 'default'
2020-06-28 15:28:26.842 WARN [restartedMain]o.s.b.a.orm.jpa.JpaBaseConfiguration$JpaWebConfiguration.openEntityManagerInViewInterceptor:220 -spring.jpa.open-in-view is enabled by default. Therefore, database queries may be performed during view rendering. Explicitly configure spring.jpa.open-in-view to disable this warning
2020-06-28 15:28:28.999 INFO [restartedMain]o.s.security.web.DefaultSecurityFilterChain.<init>:43 -Creating filter chain: OrRequestMatcher [requestMatchers=[Ant [pattern='/oauth/token'], Ant [pattern='/oauth/token_key'], Ant [pattern='/oauth/check_token']]], [org.springframework.security.web.context.request.async.WebAsyncManagerIntegrationFilter@36843a86, org.springframework.security.web.context.SecurityContextPersistenceFilter@4331b147, org.springframework.security.web.header.HeaderWriterFilter@7f42a67c, org.springframework.security.web.authentication.logout.LogoutFilter@5f120f73, org.springframework.security.web.authentication.www.BasicAuthenticationFilter@7205a392, org.springframework.security.web.savedrequest.RequestCacheAwareFilter@589f8b6f, org.springframework.security.web.servletapi.SecurityContextHolderAwareRequestFilter@38b90150, org.springframework.security.web.authentication.AnonymousAuthenticationFilter@109c218a, org.springframework.security.web.session.SessionManagementFilter@56ddb64e, org.springframework.security.web.access.ExceptionTranslationFilter@7b406a80, org.springframework.security.web.access.intercept.FilterSecurityInterceptor@3a94edc0]
2020-06-28 15:28:29.164 INFO [restartedMain]o.s.security.web.DefaultSecurityFilterChain.<init>:43 -Creating filter chain: any request, [org.springframework.security.web.context.request.async.WebAsyncManagerIntegrationFilter@3387353e, org.springframework.security.web.context.SecurityContextPersistenceFilter@3a8c789, org.springframework.security.web.header.HeaderWriterFilter@3c66187b, org.springframework.security.web.csrf.CsrfFilter@453b45a3, org.springframework.security.web.authentication.logout.LogoutFilter@71dc2afc, org.springframework.security.web.authentication.UsernamePasswordAuthenticationFilter@45000793, org.springframework.security.web.authentication.ui.DefaultLoginPageGeneratingFilter@1ce38472, org.springframework.security.web.authentication.ui.DefaultLogoutPageGeneratingFilter@53191997, org.springframework.security.web.authentication.www.BasicAuthenticationFilter@767e88fd, org.springframework.security.web.savedrequest.RequestCacheAwareFilter@495c3349, org.springframework.security.web.servletapi.SecurityContextHolderAwareRequestFilter@45754fd9, org.springframework.security.web.authentication.AnonymousAuthenticationFilter@679f96a, org.springframework.security.web.session.SessionManagementFilter@23ef4409, org.springframework.security.web.access.ExceptionTranslationFilter@23ad327f, org.springframework.security.web.access.intercept.FilterSecurityInterceptor@43fb3e99]
2020-06-28 15:28:30.217 INFO [restartedMain]o.s.scheduling.concurrent.ThreadPoolTaskExecutor.initialize:171 -Initializing ExecutorService 'applicationTaskExecutor'
2020-06-28 15:28:30.993 WARN [restartedMain]o.s.b.a.t.ThymeleafAutoConfiguration$DefaultTemplateResolverConfiguration.checkTemplateLocationExists:106 -Cannot find template location: classpath:/templates/ (please add some templates or check your Thymeleaf configuration)
2020-06-28 15:28:32.702 WARN [restartedMain]o.s.boot.devtools.autoconfigure.OptionalLiveReloadServer.startServer:61 -Unable to start LiveReload server
2020-06-28 15:28:33.639 INFO [restartedMain]o.s.boot.actuate.endpoint.web.EndpointLinksResolver.<init>:58 -Exposing 2 endpoint(s) beneath base path '/actuator'
2020-06-28 15:28:34.092 INFO [restartedMain]org.apache.coyote.http11.Http11NioProtocol.log:173 -Starting ProtocolHandler ["http-nio-9090"]
2020-06-28 15:28:34.331 INFO [restartedMain]o.s.boot.web.embedded.tomcat.TomcatWebServer.start:204 -Tomcat started on port(s): 9090 (http) with context path ''
2020-06-28 15:28:34.340 INFO [restartedMain]com.mycompany.app.Oauth2AuthServer.logStarted:61 -Started Oauth2AuthServer in 28.859 seconds (JVM running for 31.358)
2020-06-28 15:28:34.827 INFO [RMI TCP Connection(40)-192.168.31.141]o.a.catalina.core.ContainerBase.[Tomcat].[localhost].[/].log:173 -Initializing Spring DispatcherServlet 'dispatcherServlet'
2020-06-28 16:39:14.317 INFO [SpringContextShutdownHook]o.s.scheduling.concurrent.ThreadPoolTaskExecutor.shutdown:208 -Shutting down ExecutorService 'applicationTaskExecutor'
2020-06-28 16:39:14.398 INFO [SpringContextShutdownHook]o.s.orm.jpa.LocalContainerEntityManagerFactoryBean.destroy:598 -Closing JPA EntityManagerFactory for persistence unit 'default'
2020-06-28 16:39:14.608 INFO [SpringContextShutdownHook]com.zaxxer.hikari.HikariDataSource.close:350 -HikariPool-1 - Shutdown initiated...
2020-06-28 16:39:14.632 INFO [SpringContextShutdownHook]com.zaxxer.hikari.HikariDataSource.close:352 -HikariPool-1 - Shutdown completed.
2020-06-28 16:51:25.742 INFO [restartedMain]org.springframework.boot.devtools.restart.ChangeableUrls.logTo:225 -The Class-Path manifest attribute in /Users/apple/.m2/repository/com/sun/xml/bind/jaxb-core/2.3.0.1/jaxb-core-2.3.0.1.jar referenced one or more files that do not exist: file:/Users/apple/.m2/repository/com/sun/xml/bind/jaxb-core/2.3.0.1/jaxb-api.jar
2020-06-28 16:51:25.747 INFO [restartedMain]org.springframework.boot.devtools.restart.ChangeableUrls.logTo:225 -The Class-Path manifest attribute in /Users/apple/.m2/repository/com/sun/xml/bind/jaxb-impl/2.3.0.1/jaxb-impl-2.3.0.1.jar referenced one or more files that do not exist: file:/Users/apple/.m2/repository/com/sun/xml/bind/jaxb-impl/2.3.0.1/jaxb-core.jar
2020-06-28 16:51:25.747 INFO [restartedMain]org.springframework.boot.devtools.restart.ChangeableUrls.logTo:225 -The Class-Path manifest attribute in /Users/apple/.m2/repository/org/glassfish/jaxb/jaxb-runtime/2.3.2/jaxb-runtime-2.3.2.jar referenced one or more files that do not exist: file:/Users/apple/.m2/repository/org/glassfish/jaxb/jaxb-runtime/2.3.2/jakarta.xml.bind-api-2.3.2.jar,file:/Users/apple/.m2/repository/org/glassfish/jaxb/jaxb-runtime/2.3.2/txw2-2.3.2.jar,file:/Users/apple/.m2/repository/org/glassfish/jaxb/jaxb-runtime/2.3.2/istack-commons-runtime-3.0.8.jar,file:/Users/apple/.m2/repository/org/glassfish/jaxb/jaxb-runtime/2.3.2/stax-ex-1.8.1.jar,file:/Users/apple/.m2/repository/org/glassfish/jaxb/jaxb-runtime/2.3.2/FastInfoset-1.2.16.jar,file:/Users/apple/.m2/repository/org/glassfish/jaxb/jaxb-runtime/2.3.2/jakarta.activation-api-1.2.1.jar
2020-06-28 16:51:25.748 INFO [restartedMain]o.s.b.devtools.env.DevToolsPropertyDefaultsPostProcessor.logTo:225 -Devtools property defaults active! Set 'spring.devtools.add-properties' to 'false' to disable
2020-06-28 16:51:25.908 WARN [background-preinit]o.s.http.converter.json.Jackson2ObjectMapperBuilder.warn:127 -For Jackson Kotlin classes support please add "com.fasterxml.jackson.module:jackson-module-kotlin" to the classpath
2020-06-28 16:51:26.155 INFO [restartedMain]o.s.c.s.PostProcessorRegistrationDelegate$BeanPostProcessorChecker.postProcessAfterInitialization:330 -Bean 'org.springframework.cloud.autoconfigure.ConfigurationPropertiesRebinderAutoConfiguration' of type [org.springframework.cloud.autoconfigure.ConfigurationPropertiesRebinderAutoConfiguration] is not eligible for getting processed by all BeanPostProcessors (for example: not eligible for auto-proxying)
2020-06-28 16:51:26.636 INFO [restartedMain]com.mycompany.app.Oauth2AuthServer.logStartupProfileInfo:651 -No active profile set, falling back to default profiles: default
2020-06-28 16:51:28.178 INFO [restartedMain]o.s.d.repository.config.RepositoryConfigurationDelegate.registerRepositoriesIn:127 -Bootstrapping Spring Data JPA repositories in DEFAULT mode.
2020-06-28 16:51:28.204 INFO [restartedMain]o.s.d.repository.config.RepositoryConfigurationDelegate.registerRepositoriesIn:187 -Finished Spring Data repository scanning in 17ms. Found 0 JPA repository interfaces.
2020-06-28 16:51:28.554 INFO [restartedMain]org.springframework.cloud.context.scope.GenericScope.setSerializationId:295 -BeanFactory id=06ddfe4a-acb0-3880-8f9f-9aaa4e5c84c0
2020-06-28 16:51:28.788 INFO [restartedMain]o.s.c.s.PostProcessorRegistrationDelegate$BeanPostProcessorChecker.postProcessAfterInitialization:330 -Bean 'org.springframework.transaction.annotation.ProxyTransactionManagementConfiguration' of type [org.springframework.transaction.annotation.ProxyTransactionManagementConfiguration] is not eligible for getting processed by all BeanPostProcessors (for example: not eligible for auto-proxying)
2020-06-28 16:51:28.819 INFO [restartedMain]o.s.c.s.PostProcessorRegistrationDelegate$BeanPostProcessorChecker.postProcessAfterInitialization:330 -Bean 'org.springframework.cloud.autoconfigure.ConfigurationPropertiesRebinderAutoConfiguration' of type [org.springframework.cloud.autoconfigure.ConfigurationPropertiesRebinderAutoConfiguration] is not eligible for getting processed by all BeanPostProcessors (for example: not eligible for auto-proxying)
2020-06-28 16:51:29.297 INFO [restartedMain]o.s.boot.web.embedded.tomcat.TomcatWebServer.initialize:92 -Tomcat initialized with port(s): 9090 (http)
2020-06-28 16:51:29.309 INFO [restartedMain]org.apache.coyote.http11.Http11NioProtocol.log:173 -Initializing ProtocolHandler ["http-nio-9090"]
2020-06-28 16:51:29.310 INFO [restartedMain]org.apache.catalina.core.StandardService.log:173 -Starting service [Tomcat]
2020-06-28 16:51:29.311 INFO [restartedMain]org.apache.catalina.core.StandardEngine.log:173 -Starting Servlet engine: [Apache Tomcat/9.0.29]
2020-06-28 16:51:29.593 INFO [restartedMain]o.a.catalina.core.ContainerBase.[Tomcat].[localhost].[/].log:173 -Initializing Spring embedded WebApplicationContext
2020-06-28 16:51:30.128 INFO [restartedMain]com.zaxxer.hikari.HikariDataSource.getConnection:110 -HikariPool-1 - Starting...
2020-06-28 16:51:30.551 INFO [restartedMain]com.zaxxer.hikari.HikariDataSource.getConnection:123 -HikariPool-1 - Start completed.
2020-06-28 16:51:30.616 INFO [restartedMain]org.hibernate.jpa.internal.util.LogHelper.logPersistenceUnitInformation:31 -HHH000204: Processing PersistenceUnitInfo [name: default]
2020-06-28 16:51:30.792 INFO [restartedMain]org.hibernate.Version.logVersion:46 -HHH000412: Hibernate Core {5.4.9.Final}
2020-06-28 16:51:30.939 INFO [restartedMain]org.hibernate.annotations.common.Version.<clinit>:49 -HCANN000001: Hibernate Commons Annotations {5.1.0.Final}
2020-06-28 16:51:31.122 INFO [restartedMain]org.hibernate.dialect.Dialect.<init>:172 -HHH000400: Using dialect: org.hibernate.dialect.MySQL8Dialect
2020-06-28 16:51:31.399 INFO [restartedMain]o.h.e.t.jta.platform.internal.JtaPlatformInitiator.initiateService:52 -HHH000490: Using JtaPlatform implementation: [org.hibernate.engine.transaction.jta.platform.internal.NoJtaPlatform]
2020-06-28 16:51:31.408 INFO [restartedMain]o.s.orm.jpa.LocalContainerEntityManagerFactoryBean.buildNativeEntityManagerFactory:416 -Initialized JPA EntityManagerFactory for persistence unit 'default'
2020-06-28 16:51:31.473 WARN [restartedMain]o.s.b.a.orm.jpa.JpaBaseConfiguration$JpaWebConfiguration.openEntityManagerInViewInterceptor:220 -spring.jpa.open-in-view is enabled by default. Therefore, database queries may be performed during view rendering. Explicitly configure spring.jpa.open-in-view to disable this warning
2020-06-28 16:51:31.992 INFO [restartedMain]o.s.security.web.DefaultSecurityFilterChain.<init>:43 -Creating filter chain: OrRequestMatcher [requestMatchers=[Ant [pattern='/oauth/token'], Ant [pattern='/oauth/token_key'], Ant [pattern='/oauth/check_token']]], [org.springframework.security.web.context.request.async.WebAsyncManagerIntegrationFilter@3aeffc9e, org.springframework.security.web.context.SecurityContextPersistenceFilter@4a399fb, org.springframework.security.web.header.HeaderWriterFilter@2b10294b, org.springframework.security.web.authentication.logout.LogoutFilter@62a1a8a5, org.springframework.security.web.authentication.www.BasicAuthenticationFilter@3a9399b8, org.springframework.security.web.savedrequest.RequestCacheAwareFilter@606e2254, org.springframework.security.web.servletapi.SecurityContextHolderAwareRequestFilter@32d5515d, org.springframework.security.web.authentication.AnonymousAuthenticationFilter@1099e60d, org.springframework.security.web.session.SessionManagementFilter@2bb3a70d, org.springframework.security.web.access.ExceptionTranslationFilter@30005301, org.springframework.security.web.access.intercept.FilterSecurityInterceptor@22ebc038]
2020-06-28 16:51:32.002 INFO [restartedMain]o.s.security.web.DefaultSecurityFilterChain.<init>:43 -Creating filter chain: any request, [org.springframework.security.web.context.request.async.WebAsyncManagerIntegrationFilter@694c6964, org.springframework.security.web.context.SecurityContextPersistenceFilter@68abe3bf, org.springframework.security.web.header.HeaderWriterFilter@2224a5d, org.springframework.security.web.csrf.CsrfFilter@3de87fd7, org.springframework.security.web.authentication.logout.LogoutFilter@6eb7c01f, org.springframework.security.web.authentication.UsernamePasswordAuthenticationFilter@243cac99, org.springframework.security.web.authentication.ui.DefaultLoginPageGeneratingFilter@23e623e1, org.springframework.security.web.authentication.ui.DefaultLogoutPageGeneratingFilter@65490541, org.springframework.security.web.authentication.www.BasicAuthenticationFilter@28d54083, org.springframework.security.web.savedrequest.RequestCacheAwareFilter@1bbc32c8, org.springframework.security.web.servletapi.SecurityContextHolderAwareRequestFilter@b5cf340, org.springframework.security.web.authentication.AnonymousAuthenticationFilter@1b2c6728, org.springframework.security.web.session.SessionManagementFilter@7c4a8b09, org.springframework.security.web.access.ExceptionTranslationFilter@64a2f8ca, org.springframework.security.web.access.intercept.FilterSecurityInterceptor@688fd4ac]
2020-06-28 16:51:32.377 INFO [restartedMain]o.s.scheduling.concurrent.ThreadPoolTaskExecutor.initialize:171 -Initializing ExecutorService 'applicationTaskExecutor'
2020-06-28 16:51:32.577 WARN [restartedMain]o.s.b.a.t.ThymeleafAutoConfiguration$DefaultTemplateResolverConfiguration.checkTemplateLocationExists:106 -Cannot find template location: classpath:/templates/ (please add some templates or check your Thymeleaf configuration)
2020-06-28 16:51:33.329 WARN [restartedMain]o.s.boot.devtools.autoconfigure.OptionalLiveReloadServer.startServer:61 -Unable to start LiveReload server
2020-06-28 16:51:33.464 INFO [restartedMain]o.s.boot.actuate.endpoint.web.EndpointLinksResolver.<init>:58 -Exposing 2 endpoint(s) beneath base path '/actuator'
2020-06-28 16:51:33.575 INFO [restartedMain]org.apache.coyote.http11.Http11NioProtocol.log:173 -Starting ProtocolHandler ["http-nio-9090"]
2020-06-28 16:51:33.613 INFO [restartedMain]o.s.boot.web.embedded.tomcat.TomcatWebServer.start:204 -Tomcat started on port(s): 9090 (http) with context path ''
2020-06-28 16:51:33.619 INFO [restartedMain]com.mycompany.app.Oauth2AuthServer.logStarted:61 -Started Oauth2AuthServer in 9.501 seconds (JVM running for 11.064)
2020-06-28 16:51:33.835 INFO [RMI TCP Connection(5)-192.168.31.141]o.a.catalina.core.ContainerBase.[Tomcat].[localhost].[/].log:173 -Initializing Spring DispatcherServlet 'dispatcherServlet'
2020-06-28 16:52:08.539 INFO [http-nio-9090-exec-1]org.apache.tomcat.util.http.parser.Cookie.log:173 -A cookie header was received [1579532894,1579619161; imooc_isnew_ct=1562421208; imooc_uuid=a52d9798-a429-4c05-a5e5-4ca957546375] that contained an invalid cookie. That cookie will be ignored.
 Note: further occurrences of this error will be logged at DEBUG level.
2020-06-28 16:54:50.217 INFO [http-nio-9090-exec-8]o.s.s.oauth2.provider.endpoint.AuthorizationEndpoint.handleOAuth2Exception:574 -Handling OAuth2 error: error="unsupported_response_type", error_description="Unsupported response types: [codestatus=abc]"
2020-06-28 16:56:05.573 INFO [SpringContextShutdownHook]o.s.scheduling.concurrent.ThreadPoolTaskExecutor.shutdown:208 -Shutting down ExecutorService 'applicationTaskExecutor'
2020-06-28 16:56:05.575 INFO [SpringContextShutdownHook]o.s.orm.jpa.LocalContainerEntityManagerFactoryBean.destroy:598 -Closing JPA EntityManagerFactory for persistence unit 'default'
2020-06-28 16:56:05.583 INFO [SpringContextShutdownHook]com.zaxxer.hikari.HikariDataSource.close:350 -HikariPool-1 - Shutdown initiated...
2020-06-28 16:56:05.593 INFO [SpringContextShutdownHook]com.zaxxer.hikari.HikariDataSource.close:352 -HikariPool-1 - Shutdown completed.
2020-06-28 16:56:39.121 INFO [restartedMain]org.springframework.boot.devtools.restart.ChangeableUrls.logTo:225 -The Class-Path manifest attribute in /Users/apple/.m2/repository/com/sun/xml/bind/jaxb-core/2.3.0.1/jaxb-core-2.3.0.1.jar referenced one or more files that do not exist: file:/Users/apple/.m2/repository/com/sun/xml/bind/jaxb-core/2.3.0.1/jaxb-api.jar
2020-06-28 16:56:39.124 INFO [restartedMain]org.springframework.boot.devtools.restart.ChangeableUrls.logTo:225 -The Class-Path manifest attribute in /Users/apple/.m2/repository/com/sun/xml/bind/jaxb-impl/2.3.0.1/jaxb-impl-2.3.0.1.jar referenced one or more files that do not exist: file:/Users/apple/.m2/repository/com/sun/xml/bind/jaxb-impl/2.3.0.1/jaxb-core.jar
2020-06-28 16:56:39.124 INFO [restartedMain]org.springframework.boot.devtools.restart.ChangeableUrls.logTo:225 -The Class-Path manifest attribute in /Users/apple/.m2/repository/org/glassfish/jaxb/jaxb-runtime/2.3.2/jaxb-runtime-2.3.2.jar referenced one or more files that do not exist: file:/Users/apple/.m2/repository/org/glassfish/jaxb/jaxb-runtime/2.3.2/jakarta.xml.bind-api-2.3.2.jar,file:/Users/apple/.m2/repository/org/glassfish/jaxb/jaxb-runtime/2.3.2/txw2-2.3.2.jar,file:/Users/apple/.m2/repository/org/glassfish/jaxb/jaxb-runtime/2.3.2/istack-commons-runtime-3.0.8.jar,file:/Users/apple/.m2/repository/org/glassfish/jaxb/jaxb-runtime/2.3.2/stax-ex-1.8.1.jar,file:/Users/apple/.m2/repository/org/glassfish/jaxb/jaxb-runtime/2.3.2/FastInfoset-1.2.16.jar,file:/Users/apple/.m2/repository/org/glassfish/jaxb/jaxb-runtime/2.3.2/jakarta.activation-api-1.2.1.jar
2020-06-28 16:56:39.124 INFO [restartedMain]o.s.b.devtools.env.DevToolsPropertyDefaultsPostProcessor.logTo:225 -Devtools property defaults active! Set 'spring.devtools.add-properties' to 'false' to disable
2020-06-28 16:56:39.428 WARN [background-preinit]o.s.http.converter.json.Jackson2ObjectMapperBuilder.warn:127 -For Jackson Kotlin classes support please add "com.fasterxml.jackson.module:jackson-module-kotlin" to the classpath
2020-06-28 16:56:39.731 INFO [restartedMain]o.s.c.s.PostProcessorRegistrationDelegate$BeanPostProcessorChecker.postProcessAfterInitialization:330 -Bean 'org.springframework.cloud.autoconfigure.ConfigurationPropertiesRebinderAutoConfiguration' of type [org.springframework.cloud.autoconfigure.ConfigurationPropertiesRebinderAutoConfiguration] is not eligible for getting processed by all BeanPostProcessors (for example: not eligible for auto-proxying)
2020-06-28 16:56:40.158 INFO [restartedMain]com.mycompany.app.Oauth2AuthServer.logStartupProfileInfo:651 -No active profile set, falling back to default profiles: default
2020-06-28 16:56:43.501 INFO [restartedMain]o.s.d.repository.config.RepositoryConfigurationDelegate.registerRepositoriesIn:127 -Bootstrapping Spring Data JPA repositories in DEFAULT mode.
2020-06-28 16:56:43.542 INFO [restartedMain]o.s.d.repository.config.RepositoryConfigurationDelegate.registerRepositoriesIn:187 -Finished Spring Data repository scanning in 21ms. Found 0 JPA repository interfaces.
2020-06-28 16:56:44.490 INFO [restartedMain]org.springframework.cloud.context.scope.GenericScope.setSerializationId:295 -BeanFactory id=06ddfe4a-acb0-3880-8f9f-9aaa4e5c84c0
2020-06-28 16:56:45.049 INFO [restartedMain]o.s.c.s.PostProcessorRegistrationDelegate$BeanPostProcessorChecker.postProcessAfterInitialization:330 -Bean 'org.springframework.transaction.annotation.ProxyTransactionManagementConfiguration' of type [org.springframework.transaction.annotation.ProxyTransactionManagementConfiguration] is not eligible for getting processed by all BeanPostProcessors (for example: not eligible for auto-proxying)
2020-06-28 16:56:45.136 INFO [restartedMain]o.s.c.s.PostProcessorRegistrationDelegate$BeanPostProcessorChecker.postProcessAfterInitialization:330 -Bean 'org.springframework.cloud.autoconfigure.ConfigurationPropertiesRebinderAutoConfiguration' of type [org.springframework.cloud.autoconfigure.ConfigurationPropertiesRebinderAutoConfiguration] is not eligible for getting processed by all BeanPostProcessors (for example: not eligible for auto-proxying)
2020-06-28 16:56:46.137 INFO [restartedMain]o.s.boot.web.embedded.tomcat.TomcatWebServer.initialize:92 -Tomcat initialized with port(s): 9090 (http)
2020-06-28 16:56:46.164 INFO [restartedMain]org.apache.coyote.http11.Http11NioProtocol.log:173 -Initializing ProtocolHandler ["http-nio-9090"]
2020-06-28 16:56:46.166 INFO [restartedMain]org.apache.catalina.core.StandardService.log:173 -Starting service [Tomcat]
2020-06-28 16:56:46.167 INFO [restartedMain]org.apache.catalina.core.StandardEngine.log:173 -Starting Servlet engine: [Apache Tomcat/9.0.29]
2020-06-28 16:56:46.546 INFO [restartedMain]o.a.catalina.core.ContainerBase.[Tomcat].[localhost].[/].log:173 -Initializing Spring embedded WebApplicationContext
2020-06-28 16:56:47.895 INFO [restartedMain]com.zaxxer.hikari.HikariDataSource.getConnection:110 -HikariPool-1 - Starting...
2020-06-28 16:56:48.415 INFO [restartedMain]com.zaxxer.hikari.HikariDataSource.getConnection:123 -HikariPool-1 - Start completed.
2020-06-28 16:56:48.488 INFO [restartedMain]org.hibernate.jpa.internal.util.LogHelper.logPersistenceUnitInformation:31 -HHH000204: Processing PersistenceUnitInfo [name: default]
2020-06-28 16:56:48.723 INFO [restartedMain]org.hibernate.Version.logVersion:46 -HHH000412: Hibernate Core {5.4.9.Final}
2020-06-28 16:56:49.214 INFO [restartedMain]org.hibernate.annotations.common.Version.<clinit>:49 -HCANN000001: Hibernate Commons Annotations {5.1.0.Final}
2020-06-28 16:56:49.594 INFO [restartedMain]org.hibernate.dialect.Dialect.<init>:172 -HHH000400: Using dialect: org.hibernate.dialect.MySQL8Dialect
2020-06-28 16:56:50.299 INFO [restartedMain]o.h.e.t.jta.platform.internal.JtaPlatformInitiator.initiateService:52 -HHH000490: Using JtaPlatform implementation: [org.hibernate.engine.transaction.jta.platform.internal.NoJtaPlatform]
2020-06-28 16:56:50.311 INFO [restartedMain]o.s.orm.jpa.LocalContainerEntityManagerFactoryBean.buildNativeEntityManagerFactory:416 -Initialized JPA EntityManagerFactory for persistence unit 'default'
2020-06-28 16:56:50.410 WARN [restartedMain]o.s.b.a.orm.jpa.JpaBaseConfiguration$JpaWebConfiguration.openEntityManagerInViewInterceptor:220 -spring.jpa.open-in-view is enabled by default. Therefore, database queries may be performed during view rendering. Explicitly configure spring.jpa.open-in-view to disable this warning
2020-06-28 16:56:50.933 INFO [restartedMain]o.s.security.web.DefaultSecurityFilterChain.<init>:43 -Creating filter chain: OrRequestMatcher [requestMatchers=[Ant [pattern='/oauth/token'], Ant [pattern='/oauth/token_key'], Ant [pattern='/oauth/check_token']]], [org.springframework.security.web.context.request.async.WebAsyncManagerIntegrationFilter@56282071, org.springframework.security.web.context.SecurityContextPersistenceFilter@74aa4475, org.springframework.security.web.header.HeaderWriterFilter@76e7aacb, org.springframework.security.web.authentication.logout.LogoutFilter@1970bded, org.springframework.security.web.authentication.www.BasicAuthenticationFilter@33f6c5d1, org.springframework.security.web.savedrequest.RequestCacheAwareFilter@1cfabc05, org.springframework.security.web.servletapi.SecurityContextHolderAwareRequestFilter@6a938ce2, org.springframework.security.web.authentication.AnonymousAuthenticationFilter@1a6a92ae, org.springframework.security.web.session.SessionManagementFilter@368ed284, org.springframework.security.web.access.ExceptionTranslationFilter@159edd9a, org.springframework.security.web.access.intercept.FilterSecurityInterceptor@1276f178]
2020-06-28 16:56:50.948 INFO [restartedMain]o.s.security.web.DefaultSecurityFilterChain.<init>:43 -Creating filter chain: any request, [org.springframework.security.web.context.request.async.WebAsyncManagerIntegrationFilter@3fd9f4c9, org.springframework.security.web.context.SecurityContextPersistenceFilter@4976d4d, org.springframework.security.web.header.HeaderWriterFilter@2d1ee089, org.springframework.security.web.csrf.CsrfFilter@6d82fcf3, org.springframework.security.web.authentication.logout.LogoutFilter@63785fd, org.springframework.security.web.authentication.UsernamePasswordAuthenticationFilter@7e6107b7, org.springframework.security.web.authentication.ui.DefaultLoginPageGeneratingFilter@5c0be454, org.springframework.security.web.authentication.ui.DefaultLogoutPageGeneratingFilter@12fb71fd, org.springframework.security.web.authentication.www.BasicAuthenticationFilter@49f30eff, org.springframework.security.web.savedrequest.RequestCacheAwareFilter@5e37659c, org.springframework.security.web.servletapi.SecurityContextHolderAwareRequestFilter@477dc7b, org.springframework.security.web.authentication.AnonymousAuthenticationFilter@55847e52, org.springframework.security.web.session.SessionManagementFilter@5781f4bd, org.springframework.security.web.access.ExceptionTranslationFilter@12b6a21, org.springframework.security.web.access.intercept.FilterSecurityInterceptor@2e4f954e]
2020-06-28 16:56:51.248 INFO [restartedMain]o.s.scheduling.concurrent.ThreadPoolTaskExecutor.initialize:171 -Initializing ExecutorService 'applicationTaskExecutor'
2020-06-28 16:56:51.457 WARN [restartedMain]o.s.b.a.t.ThymeleafAutoConfiguration$DefaultTemplateResolverConfiguration.checkTemplateLocationExists:106 -Cannot find template location: classpath:/templates/ (please add some templates or check your Thymeleaf configuration)
2020-06-28 16:56:51.975 WARN [restartedMain]o.s.boot.devtools.autoconfigure.OptionalLiveReloadServer.startServer:61 -Unable to start LiveReload server
2020-06-28 16:56:52.180 INFO [restartedMain]o.s.boot.actuate.endpoint.web.EndpointLinksResolver.<init>:58 -Exposing 2 endpoint(s) beneath base path '/actuator'
2020-06-28 16:56:52.347 INFO [restartedMain]org.apache.coyote.http11.Http11NioProtocol.log:173 -Starting ProtocolHandler ["http-nio-9090"]
2020-06-28 16:56:52.412 INFO [restartedMain]o.s.boot.web.embedded.tomcat.TomcatWebServer.start:204 -Tomcat started on port(s): 9090 (http) with context path ''
2020-06-28 16:56:52.418 INFO [restartedMain]com.mycompany.app.Oauth2AuthServer.logStarted:61 -Started Oauth2AuthServer in 14.877 seconds (JVM running for 17.199)
2020-06-28 16:56:52.536 INFO [RMI TCP Connection(12)-192.168.31.141]o.a.catalina.core.ContainerBase.[Tomcat].[localhost].[/].log:173 -Initializing Spring DispatcherServlet 'dispatcherServlet'
2020-06-28 16:57:06.784 INFO [http-nio-9090-exec-1]org.apache.tomcat.util.http.parser.Cookie.log:173 -A cookie header was received [1579532894,1579619161; imooc_isnew_ct=1562421208; imooc_uuid=a52d9798-a429-4c05-a5e5-4ca957546375] that contained an invalid cookie. That cookie will be ignored.
 Note: further occurrences of this error will be logged at DEBUG level.
2020-06-28 16:57:54.463 INFO [http-nio-9090-exec-5]o.s.s.oauth2.provider.endpoint.AuthorizationEndpoint.handleOAuth2Exception:574 -Handling OAuth2 error: error="unsupported_response_type", error_description="Unsupported response types: [codestatus=abc]"
2020-06-28 16:58:08.463 INFO [http-nio-9090-exec-7]o.s.s.oauth2.provider.endpoint.AuthorizationEndpoint.handleOAuth2Exception:574 -Handling OAuth2 error: error="unsupported_response_type", error_description="Unsupported response types: [codestatus=abc]"
2020-06-28 16:58:08.736 INFO [http-nio-9090-exec-8]o.s.s.oauth2.provider.endpoint.AuthorizationEndpoint.handleOAuth2Exception:574 -Handling OAuth2 error: error="unsupported_response_type", error_description="Unsupported response types: [codestatus=abc]"
2020-06-28 17:01:06.949 INFO [http-nio-9090-exec-1]o.s.s.oauth2.provider.endpoint.AuthorizationEndpoint.handleOAuth2Exception:574 -Handling OAuth2 error: error="unsupported_response_type", error_description="Unsupported response types: [codestatus=abc]"
2020-06-28 17:01:39.487 INFO [http-nio-9090-exec-8]o.s.s.oauth2.provider.endpoint.AuthorizationEndpoint.handleOAuth2Exception:574 -Handling OAuth2 error: error="unsupported_response_type", error_description="Unsupported response types: [codestatus=abc]"
2020-06-28 17:05:54.710 INFO [http-nio-9090-exec-6]o.s.security.oauth2.provider.token.store.JdbcTokenStore.readAccessToken:168 -Failed to find access token for token cb2091ec-efaf-46cf-b415-e9adc70c580b
2020-06-28 17:07:22.916 INFO [http-nio-9090-exec-9]o.s.security.oauth2.provider.token.store.JdbcTokenStore.readAccessToken:168 -Failed to find access token for token 5f943239-9623-49a0-a08a-354e0a44775b
2020-06-28 17:09:26.587 INFO [SpringContextShutdownHook]o.s.scheduling.concurrent.ThreadPoolTaskExecutor.shutdown:208 -Shutting down ExecutorService 'applicationTaskExecutor'
2020-06-28 17:09:26.591 INFO [SpringContextShutdownHook]o.s.orm.jpa.LocalContainerEntityManagerFactoryBean.destroy:598 -Closing JPA EntityManagerFactory for persistence unit 'default'
2020-06-28 17:09:26.607 INFO [SpringContextShutdownHook]com.zaxxer.hikari.HikariDataSource.close:350 -HikariPool-1 - Shutdown initiated...
2020-06-28 17:09:26.624 INFO [SpringContextShutdownHook]com.zaxxer.hikari.HikariDataSource.close:352 -HikariPool-1 - Shutdown completed.
2020-06-28 18:45:11.994 INFO [restartedMain]org.springframework.boot.devtools.restart.ChangeableUrls.logTo:225 -The Class-Path manifest attribute in /Users/apple/.m2/repository/com/sun/xml/bind/jaxb-core/2.3.0.1/jaxb-core-2.3.0.1.jar referenced one or more files that do not exist: file:/Users/apple/.m2/repository/com/sun/xml/bind/jaxb-core/2.3.0.1/jaxb-api.jar
2020-06-28 18:45:11.997 INFO [restartedMain]org.springframework.boot.devtools.restart.ChangeableUrls.logTo:225 -The Class-Path manifest attribute in /Users/apple/.m2/repository/com/sun/xml/bind/jaxb-impl/2.3.0.1/jaxb-impl-2.3.0.1.jar referenced one or more files that do not exist: file:/Users/apple/.m2/repository/com/sun/xml/bind/jaxb-impl/2.3.0.1/jaxb-core.jar
2020-06-28 18:45:11.998 INFO [restartedMain]org.springframework.boot.devtools.restart.ChangeableUrls.logTo:225 -The Class-Path manifest attribute in /Users/apple/.m2/repository/org/glassfish/jaxb/jaxb-runtime/2.3.2/jaxb-runtime-2.3.2.jar referenced one or more files that do not exist: file:/Users/apple/.m2/repository/org/glassfish/jaxb/jaxb-runtime/2.3.2/jakarta.xml.bind-api-2.3.2.jar,file:/Users/apple/.m2/repository/org/glassfish/jaxb/jaxb-runtime/2.3.2/txw2-2.3.2.jar,file:/Users/apple/.m2/repository/org/glassfish/jaxb/jaxb-runtime/2.3.2/istack-commons-runtime-3.0.8.jar,file:/Users/apple/.m2/repository/org/glassfish/jaxb/jaxb-runtime/2.3.2/stax-ex-1.8.1.jar,file:/Users/apple/.m2/repository/org/glassfish/jaxb/jaxb-runtime/2.3.2/FastInfoset-1.2.16.jar,file:/Users/apple/.m2/repository/org/glassfish/jaxb/jaxb-runtime/2.3.2/jakarta.activation-api-1.2.1.jar
2020-06-28 18:45:11.999 INFO [restartedMain]o.s.b.devtools.env.DevToolsPropertyDefaultsPostProcessor.logTo:225 -Devtools property defaults active! Set 'spring.devtools.add-properties' to 'false' to disable
2020-06-28 18:45:12.256 WARN [background-preinit]o.s.http.converter.json.Jackson2ObjectMapperBuilder.warn:127 -For Jackson Kotlin classes support please add "com.fasterxml.jackson.module:jackson-module-kotlin" to the classpath
2020-06-28 18:45:12.407 INFO [restartedMain]o.s.c.s.PostProcessorRegistrationDelegate$BeanPostProcessorChecker.postProcessAfterInitialization:330 -Bean 'org.springframework.cloud.autoconfigure.ConfigurationPropertiesRebinderAutoConfiguration' of type [org.springframework.cloud.autoconfigure.ConfigurationPropertiesRebinderAutoConfiguration] is not eligible for getting processed by all BeanPostProcessors (for example: not eligible for auto-proxying)
2020-06-28 18:45:12.789 INFO [restartedMain]com.mycompany.app.Oauth2AuthServer.logStartupProfileInfo:651 -No active profile set, falling back to default profiles: default
2020-06-28 18:45:14.630 INFO [restartedMain]o.s.d.repository.config.RepositoryConfigurationDelegate.registerRepositoriesIn:127 -Bootstrapping Spring Data JPA repositories in DEFAULT mode.
2020-06-28 18:45:14.662 INFO [restartedMain]o.s.d.repository.config.RepositoryConfigurationDelegate.registerRepositoriesIn:187 -Finished Spring Data repository scanning in 15ms. Found 0 JPA repository interfaces.
2020-06-28 18:45:15.175 INFO [restartedMain]org.springframework.cloud.context.scope.GenericScope.setSerializationId:295 -BeanFactory id=06ddfe4a-acb0-3880-8f9f-9aaa4e5c84c0
2020-06-28 18:45:15.396 INFO [restartedMain]o.s.c.s.PostProcessorRegistrationDelegate$BeanPostProcessorChecker.postProcessAfterInitialization:330 -Bean 'org.springframework.transaction.annotation.ProxyTransactionManagementConfiguration' of type [org.springframework.transaction.annotation.ProxyTransactionManagementConfiguration] is not eligible for getting processed by all BeanPostProcessors (for example: not eligible for auto-proxying)
2020-06-28 18:45:15.442 INFO [restartedMain]o.s.c.s.PostProcessorRegistrationDelegate$BeanPostProcessorChecker.postProcessAfterInitialization:330 -Bean 'org.springframework.cloud.autoconfigure.ConfigurationPropertiesRebinderAutoConfiguration' of type [org.springframework.cloud.autoconfigure.ConfigurationPropertiesRebinderAutoConfiguration] is not eligible for getting processed by all BeanPostProcessors (for example: not eligible for auto-proxying)
2020-06-28 18:45:15.979 INFO [restartedMain]o.s.boot.web.embedded.tomcat.TomcatWebServer.initialize:92 -Tomcat initialized with port(s): 9090 (http)
2020-06-28 18:45:15.991 INFO [restartedMain]org.apache.coyote.http11.Http11NioProtocol.log:173 -Initializing ProtocolHandler ["http-nio-9090"]
2020-06-28 18:45:15.993 INFO [restartedMain]org.apache.catalina.core.StandardService.log:173 -Starting service [Tomcat]
2020-06-28 18:45:15.996 INFO [restartedMain]org.apache.catalina.core.StandardEngine.log:173 -Starting Servlet engine: [Apache Tomcat/9.0.29]
2020-06-28 18:45:16.312 INFO [restartedMain]o.a.catalina.core.ContainerBase.[Tomcat].[localhost].[/].log:173 -Initializing Spring embedded WebApplicationContext
2020-06-28 18:45:16.986 INFO [restartedMain]com.zaxxer.hikari.HikariDataSource.getConnection:110 -HikariPool-1 - Starting...
2020-06-28 18:45:17.504 INFO [restartedMain]com.zaxxer.hikari.HikariDataSource.getConnection:123 -HikariPool-1 - Start completed.
2020-06-28 18:45:17.576 INFO [restartedMain]org.hibernate.jpa.internal.util.LogHelper.logPersistenceUnitInformation:31 -HHH000204: Processing PersistenceUnitInfo [name: default]
2020-06-28 18:45:17.781 INFO [restartedMain]org.hibernate.Version.logVersion:46 -HHH000412: Hibernate Core {5.4.9.Final}
2020-06-28 18:45:17.997 INFO [restartedMain]org.hibernate.annotations.common.Version.<clinit>:49 -HCANN000001: Hibernate Commons Annotations {5.1.0.Final}
2020-06-28 18:45:18.438 INFO [restartedMain]org.hibernate.dialect.Dialect.<init>:172 -HHH000400: Using dialect: org.hibernate.dialect.MySQL8Dialect
2020-06-28 18:45:18.816 INFO [restartedMain]o.h.e.t.jta.platform.internal.JtaPlatformInitiator.initiateService:52 -HHH000490: Using JtaPlatform implementation: [org.hibernate.engine.transaction.jta.platform.internal.NoJtaPlatform]
2020-06-28 18:45:18.840 INFO [restartedMain]o.s.orm.jpa.LocalContainerEntityManagerFactoryBean.buildNativeEntityManagerFactory:416 -Initialized JPA EntityManagerFactory for persistence unit 'default'
2020-06-28 18:45:18.958 WARN [restartedMain]o.s.b.a.orm.jpa.JpaBaseConfiguration$JpaWebConfiguration.openEntityManagerInViewInterceptor:220 -spring.jpa.open-in-view is enabled by default. Therefore, database queries may be performed during view rendering. Explicitly configure spring.jpa.open-in-view to disable this warning
2020-06-28 18:45:19.552 INFO [restartedMain]o.s.security.web.DefaultSecurityFilterChain.<init>:43 -Creating filter chain: OrRequestMatcher [requestMatchers=[Ant [pattern='/oauth/token'], Ant [pattern='/oauth/token_key'], Ant [pattern='/oauth/check_token']]], [org.springframework.security.web.context.request.async.WebAsyncManagerIntegrationFilter@197b810f, org.springframework.security.web.context.SecurityContextPersistenceFilter@674ad106, org.springframework.security.web.header.HeaderWriterFilter@7a41093f, org.springframework.security.web.authentication.logout.LogoutFilter@4499c88d, org.springframework.security.web.authentication.www.BasicAuthenticationFilter@62c1cbf0, org.springframework.security.web.savedrequest.RequestCacheAwareFilter@11a14f2f, org.springframework.security.web.servletapi.SecurityContextHolderAwareRequestFilter@70b611d7, org.springframework.security.web.authentication.AnonymousAuthenticationFilter@7ac5afa9, org.springframework.security.web.session.SessionManagementFilter@40889060, org.springframework.security.web.access.ExceptionTranslationFilter@30ee0b0c, org.springframework.security.web.access.intercept.FilterSecurityInterceptor@3a833ab2]
2020-06-28 18:45:19.560 INFO [restartedMain]o.s.security.web.DefaultSecurityFilterChain.<init>:43 -Creating filter chain: any request, [org.springframework.security.web.context.request.async.WebAsyncManagerIntegrationFilter@6eb0170e, org.springframework.security.web.context.SecurityContextPersistenceFilter@7e591169, org.springframework.security.web.header.HeaderWriterFilter@36251f10, org.springframework.security.web.csrf.CsrfFilter@73ec0534, org.springframework.security.web.authentication.logout.LogoutFilter@7f3da536, org.springframework.security.web.authentication.UsernamePasswordAuthenticationFilter@22f1863e, org.springframework.security.web.authentication.ui.DefaultLoginPageGeneratingFilter@18b980d5, org.springframework.security.web.authentication.ui.DefaultLogoutPageGeneratingFilter@15942172, org.springframework.security.web.authentication.www.BasicAuthenticationFilter@405ea94d, org.springframework.security.web.savedrequest.RequestCacheAwareFilter@387d2996, org.springframework.security.web.servletapi.SecurityContextHolderAwareRequestFilter@263e7c16, org.springframework.security.web.authentication.AnonymousAuthenticationFilter@3498a74b, org.springframework.security.web.session.SessionManagementFilter@25f36945, org.springframework.security.web.access.ExceptionTranslationFilter@809cd71, org.springframework.security.web.access.intercept.FilterSecurityInterceptor@2a07a122]
2020-06-28 18:45:19.771 INFO [restartedMain]o.s.scheduling.concurrent.ThreadPoolTaskExecutor.initialize:171 -Initializing ExecutorService 'applicationTaskExecutor'
2020-06-28 18:45:19.868 WARN [restartedMain]o.s.b.a.t.ThymeleafAutoConfiguration$DefaultTemplateResolverConfiguration.checkTemplateLocationExists:106 -Cannot find template location: classpath:/templates/ (please add some templates or check your Thymeleaf configuration)
2020-06-28 18:45:20.089 WARN [restartedMain]o.s.boot.devtools.autoconfigure.OptionalLiveReloadServer.startServer:61 -Unable to start LiveReload server
2020-06-28 18:45:20.200 INFO [restartedMain]o.s.boot.actuate.endpoint.web.EndpointLinksResolver.<init>:58 -Exposing 2 endpoint(s) beneath base path '/actuator'
2020-06-28 18:45:20.301 INFO [restartedMain]org.apache.coyote.http11.Http11NioProtocol.log:173 -Starting ProtocolHandler ["http-nio-9090"]
2020-06-28 18:45:20.337 INFO [restartedMain]o.s.boot.web.embedded.tomcat.TomcatWebServer.start:204 -Tomcat started on port(s): 9090 (http) with context path ''
2020-06-28 18:45:20.343 INFO [restartedMain]com.mycompany.app.Oauth2AuthServer.logStarted:61 -Started Oauth2AuthServer in 9.9 seconds (JVM running for 11.712)
2020-06-28 18:45:20.837 INFO [RMI TCP Connection(4)-192.168.31.141]o.a.catalina.core.ContainerBase.[Tomcat].[localhost].[/].log:173 -Initializing Spring DispatcherServlet 'dispatcherServlet'
2020-06-28 18:46:53.531 INFO [http-nio-9090-exec-5]o.s.security.oauth2.provider.token.store.JdbcTokenStore.readAccessToken:168 -Failed to find access token for token 17d8af16-0994-4bdb-9621-15b3bf1f8f72
